<?xml version="1.0" encoding="UTF-8"?>
<!-- Generated by org.testng.reporters.JUnitXMLReporter -->
<testsuite ignored="0" hostname="vishnuekkar" failures="1" tests="11" name="Default test" time="174.793" errors="0" timestamp="2021-12-18T23:08:53 IST">
  <testcase classname="Coden.Selenium.PageObjectTest.AutomationPageTest" name="radioButtonTest" time="1.558"/>
  <testcase classname="Coden.Selenium.PageObjectTest.AutomationPageTest" name="dynamicDropDownTest" time="0.092"/>
  <testcase classname="Coden.Selenium.PageObjectTest.AutomationPageTest" name="staticDropDownTest" time="0.146"/>
  <testcase classname="Coden.Selenium.PageObjectTest.AutomationPageTest" name="checkBoxClickTest" time="0.202"/>
  <testcase classname="Coden.Selenium.PageObjectTest.AutomationPageTest" name="newWindowHandleTest" time="0.235"/>
  <testcase classname="Coden.Selenium.PageObjectTest.AutomationPageTest" name="newTabTest" time="1.519">
    <failure type="java.lang.IndexOutOfBoundsException" message="Index 1000 out of bounds for length 2">
      <![CDATA[java.lang.IndexOutOfBoundsException: Index 1000 out of bounds for length 2
at java.base/jdk.internal.util.Preconditions.outOfBounds(Preconditions.java:64)
at java.base/jdk.internal.util.Preconditions.outOfBoundsCheckIndex(Preconditions.java:70)
at java.base/jdk.internal.util.Preconditions.checkIndex(Preconditions.java:266)
at java.base/java.util.Objects.checkIndex(Objects.java:359)
at java.base/java.util.ArrayList.get(ArrayList.java:427)
at Coden.Selenium.PageObject.AutomationPage.newTab(AutomationPage.java:126)
at Coden.Selenium.PageObjectTest.AutomationPageTest.newTabTest(AutomationPageTest.java:56)
at java.base/jdk.internal.reflect.NativeMethodAccessorImpl.invoke0(Native Method)
at java.base/jdk.internal.reflect.NativeMethodAccessorImpl.invoke(NativeMethodAccessorImpl.java:77)
at java.base/jdk.internal.reflect.DelegatingMethodAccessorImpl.invoke(DelegatingMethodAccessorImpl.java:43)
at java.base/java.lang.reflect.Method.invoke(Method.java:568)
at org.testng.internal.MethodInvocationHelper.invokeMethod(MethodInvocationHelper.java:133)
at org.testng.internal.TestInvoker.invokeMethod(TestInvoker.java:598)
at org.testng.internal.TestInvoker.invokeTestMethod(TestInvoker.java:173)
at org.testng.internal.MethodRunner.runInSequence(MethodRunner.java:46)
at org.testng.internal.TestInvoker$MethodInvocationAgent.invoke(TestInvoker.java:824)
at org.testng.internal.TestInvoker.invokeTestMethods(TestInvoker.java:146)
at org.testng.internal.TestMethodWorker.invokeTestMethods(TestMethodWorker.java:146)
at org.testng.internal.TestMethodWorker.run(TestMethodWorker.java:128)
at java.base/java.util.ArrayList.forEach(ArrayList.java:1511)
at org.testng.TestRunner.privateRun(TestRunner.java:794)
at org.testng.TestRunner.run(TestRunner.java:596)
at org.testng.SuiteRunner.runTest(SuiteRunner.java:377)
at org.testng.SuiteRunner.runSequentially(SuiteRunner.java:371)
at org.testng.SuiteRunner.privateRun(SuiteRunner.java:332)
at org.testng.SuiteRunner.run(SuiteRunner.java:276)
at org.testng.SuiteRunnerWorker.runSuite(SuiteRunnerWorker.java:53)
at org.testng.SuiteRunnerWorker.run(SuiteRunnerWorker.java:96)
at org.testng.TestNG.runSuitesSequentially(TestNG.java:1212)
at org.testng.TestNG.runSuitesLocally(TestNG.java:1134)
at org.testng.TestNG.runSuites(TestNG.java:1063)
at org.testng.TestNG.run(TestNG.java:1031)
at org.testng.remote.AbstractRemoteTestNG.run(AbstractRemoteTestNG.java:115)
at org.testng.remote.RemoteTestNG.initAndRun(RemoteTestNG.java:251)
at org.testng.remote.RemoteTestNG.main(RemoteTestNG.java:77)
]]>
    </failure>
  </testcase> <!-- newTabTest -->
  <testcase classname="Coden.Selenium.PageObjectTest.AutomationPageTest" name="nameTextFieldTest" time="0.119"/>
  <testcase classname="Coden.Selenium.PageObjectTest.AutomationPageTest" name="alertsButtonsTest" time="0.204"/>
  <testcase classname="Coden.Selenium.PageObjectTest.AutomationPageTest" name="hideShoBtnTest" time="1.911"/>
  <testcase classname="Coden.Selenium.PageObjectTest.AutomationPageTest" name="nameTextField1000Test" time="0.12"/>
  <testcase classname="Coden.Selenium.PageObjectTest.AutomationPageTest" name="hoverOperation" time="0.329"/>
</testsuite> <!-- Default test -->
